{"C:\\Users\\mocan\\family-travel-planner\\backend\\src\\app.js": {"path":"C:\\Users\\mocan\\family-travel-planner\\backend\\src\\app.js","statementMap":{"0":{"start":{"line":1,"column":16},"end":{"line":1,"column":34}},"1":{"start":{"line":2,"column":13},"end":{"line":2,"column":28}},"2":{"start":{"line":4,"column":19},"end":{"line":4,"column":49}},"3":{"start":{"line":5,"column":22},"end":{"line":5,"column":55}},"4":{"start":{"line":6,"column":19},"end":{"line":6,"column":49}},"5":{"start":{"line":7,"column":19},"end":{"line":7,"column":49}},"6":{"start":{"line":9,"column":12},"end":{"line":9,"column":21}},"7":{"start":{"line":11,"column":0},"end":{"line":11,"column":16}},"8":{"start":{"line":12,"column":0},"end":{"line":12,"column":24}},"9":{"start":{"line":14,"column":0},"end":{"line":14,"column":33}},"10":{"start":{"line":15,"column":0},"end":{"line":15,"column":31}},"11":{"start":{"line":16,"column":0},"end":{"line":16,"column":28}},"12":{"start":{"line":17,"column":0},"end":{"line":19,"column":3}},"13":{"start":{"line":18,"column":2},"end":{"line":18,"column":60}},"14":{"start":{"line":21,"column":0},"end":{"line":21,"column":34}},"15":{"start":{"line":23,"column":0},"end":{"line":26,"column":1}},"16":{"start":{"line":24,"column":26},"end":{"line":24,"column":61}},"17":{"start":{"line":25,"column":2},"end":{"line":25,"column":45}},"18":{"start":{"line":28,"column":0},"end":{"line":28,"column":21}}},"fnMap":{"0":{"name":"(anonymous_0)","decl":{"start":{"line":17,"column":13},"end":{"line":17,"column":14}},"loc":{"start":{"line":17,"column":27},"end":{"line":19,"column":1}},"line":17}},"branchMap":{"0":{"loc":{"start":{"line":23,"column":0},"end":{"line":26,"column":1}},"type":"if","locations":[{"start":{"line":23,"column":0},"end":{"line":26,"column":1}},{"start":{},"end":{}}],"line":23}},"s":{"0":2,"1":2,"2":2,"3":2,"4":2,"5":2,"6":2,"7":2,"8":2,"9":2,"10":2,"11":2,"12":2,"13":0,"14":2,"15":2,"16":0,"17":0,"18":2},"f":{"0":0},"b":{"0":[0,2]},"_coverageSchema":"1a1c01bbd47fc00a2c39e90264f33305004495a9","hash":"abfbbbaa200d6611d20470426897afd55eefdaed"}
,"C:\\Users\\mocan\\family-travel-planner\\backend\\src\\controllers\\authController.js": {"path":"C:\\Users\\mocan\\family-travel-planner\\backend\\src\\controllers\\authController.js","statementMap":{"0":{"start":{"line":1,"column":20},"end":{"line":1,"column":54}},"1":{"start":{"line":3,"column":14},"end":{"line":21,"column":1}},"2":{"start":{"line":4,"column":30},"end":{"line":4,"column":38}},"3":{"start":{"line":6,"column":2},"end":{"line":10,"column":3}},"4":{"start":{"line":7,"column":4},"end":{"line":9,"column":7}},"5":{"start":{"line":12,"column":15},"end":{"line":12,"column":55}},"6":{"start":{"line":14,"column":2},"end":{"line":18,"column":3}},"7":{"start":{"line":15,"column":4},"end":{"line":17,"column":7}},"8":{"start":{"line":20,"column":2},"end":{"line":20,"column":17}},"9":{"start":{"line":23,"column":15},"end":{"line":41,"column":1}},"10":{"start":{"line":24,"column":40},"end":{"line":24,"column":48}},"11":{"start":{"line":26,"column":2},"end":{"line":30,"column":3}},"12":{"start":{"line":27,"column":4},"end":{"line":29,"column":7}},"13":{"start":{"line":32,"column":15},"end":{"line":32,"column":66}},"14":{"start":{"line":34,"column":2},"end":{"line":38,"column":3}},"15":{"start":{"line":35,"column":4},"end":{"line":37,"column":7}},"16":{"start":{"line":40,"column":2},"end":{"line":40,"column":29}},"17":{"start":{"line":43,"column":0},"end":{"line":46,"column":2}}},"fnMap":{"0":{"name":"(anonymous_0)","decl":{"start":{"line":3,"column":14},"end":{"line":3,"column":15}},"loc":{"start":{"line":3,"column":34},"end":{"line":21,"column":1}},"line":3},"1":{"name":"(anonymous_1)","decl":{"start":{"line":23,"column":15},"end":{"line":23,"column":16}},"loc":{"start":{"line":23,"column":35},"end":{"line":41,"column":1}},"line":23}},"branchMap":{"0":{"loc":{"start":{"line":6,"column":2},"end":{"line":10,"column":3}},"type":"if","locations":[{"start":{"line":6,"column":2},"end":{"line":10,"column":3}},{"start":{},"end":{}}],"line":6},"1":{"loc":{"start":{"line":6,"column":6},"end":{"line":6,"column":25}},"type":"binary-expr","locations":[{"start":{"line":6,"column":6},"end":{"line":6,"column":12}},{"start":{"line":6,"column":16},"end":{"line":6,"column":25}}],"line":6},"2":{"loc":{"start":{"line":14,"column":2},"end":{"line":18,"column":3}},"type":"if","locations":[{"start":{"line":14,"column":2},"end":{"line":18,"column":3}},{"start":{},"end":{}}],"line":14},"3":{"loc":{"start":{"line":26,"column":2},"end":{"line":30,"column":3}},"type":"if","locations":[{"start":{"line":26,"column":2},"end":{"line":30,"column":3}},{"start":{},"end":{}}],"line":26},"4":{"loc":{"start":{"line":26,"column":6},"end":{"line":26,"column":38}},"type":"binary-expr","locations":[{"start":{"line":26,"column":6},"end":{"line":26,"column":15}},{"start":{"line":26,"column":19},"end":{"line":26,"column":25}},{"start":{"line":26,"column":29},"end":{"line":26,"column":38}}],"line":26},"5":{"loc":{"start":{"line":34,"column":2},"end":{"line":38,"column":3}},"type":"if","locations":[{"start":{"line":34,"column":2},"end":{"line":38,"column":3}},{"start":{},"end":{}}],"line":34}},"s":{"0":2,"1":2,"2":0,"3":0,"4":0,"5":0,"6":0,"7":0,"8":0,"9":2,"10":0,"11":0,"12":0,"13":0,"14":0,"15":0,"16":0,"17":2},"f":{"0":0,"1":0},"b":{"0":[0,0],"1":[0,0],"2":[0,0],"3":[0,0],"4":[0,0,0],"5":[0,0]},"_coverageSchema":"1a1c01bbd47fc00a2c39e90264f33305004495a9","hash":"25f13fc274b5931208ff4ae76d876a527b2322e4"}
,"C:\\Users\\mocan\\family-travel-planner\\backend\\src\\controllers\\chatController.js": {"path":"C:\\Users\\mocan\\family-travel-planner\\backend\\src\\controllers\\chatController.js","statementMap":{"0":{"start":{"line":1,"column":20},"end":{"line":1,"column":54}},"1":{"start":{"line":3,"column":0},"end":{"line":6,"column":2}},"2":{"start":{"line":4,"column":19},"end":{"line":4,"column":47}},"3":{"start":{"line":5,"column":2},"end":{"line":5,"column":21}}},"fnMap":{"0":{"name":"(anonymous_0)","decl":{"start":{"line":3,"column":22},"end":{"line":3,"column":23}},"loc":{"start":{"line":3,"column":36},"end":{"line":6,"column":1}},"line":3}},"branchMap":{},"s":{"0":2,"1":2,"2":0,"3":0},"f":{"0":0},"b":{},"_coverageSchema":"1a1c01bbd47fc00a2c39e90264f33305004495a9","hash":"1085af0ede4c54d0347e0c7db763b96a57081af1"}
,"C:\\Users\\mocan\\family-travel-planner\\backend\\src\\controllers\\expenseController.js": {"path":"C:\\Users\\mocan\\family-travel-planner\\backend\\src\\controllers\\expenseController.js","statementMap":{"0":{"start":{"line":1,"column":23},"end":{"line":1,"column":60}},"1":{"start":{"line":3,"column":26},"end":{"line":8,"column":1}},"2":{"start":{"line":4,"column":17},"end":{"line":4,"column":44}},"3":{"start":{"line":5,"column":19},"end":{"line":5,"column":67}},"4":{"start":{"line":7,"column":2},"end":{"line":7,"column":21}},"5":{"start":{"line":10,"column":22},"end":{"line":15,"column":1}},"6":{"start":{"line":11,"column":17},"end":{"line":11,"column":44}},"7":{"start":{"line":13,"column":21},"end":{"line":13,"column":73}},"8":{"start":{"line":14,"column":2},"end":{"line":14,"column":35}},"9":{"start":{"line":17,"column":22},"end":{"line":26,"column":1}},"10":{"start":{"line":18,"column":13},"end":{"line":18,"column":36}},"11":{"start":{"line":19,"column":25},"end":{"line":19,"column":73}},"12":{"start":{"line":21,"column":2},"end":{"line":23,"column":3}},"13":{"start":{"line":22,"column":4},"end":{"line":22,"column":64}},"14":{"start":{"line":25,"column":2},"end":{"line":25,"column":27}},"15":{"start":{"line":28,"column":22},"end":{"line":37,"column":1}},"16":{"start":{"line":29,"column":13},"end":{"line":29,"column":36}},"17":{"start":{"line":30,"column":18},"end":{"line":30,"column":56}},"18":{"start":{"line":32,"column":2},"end":{"line":34,"column":3}},"19":{"start":{"line":33,"column":4},"end":{"line":33,"column":64}},"20":{"start":{"line":36,"column":2},"end":{"line":36,"column":25}},"21":{"start":{"line":39,"column":24},"end":{"line":44,"column":1}},"22":{"start":{"line":40,"column":17},"end":{"line":40,"column":44}},"23":{"start":{"line":41,"column":16},"end":{"line":41,"column":67}},"24":{"start":{"line":43,"column":2},"end":{"line":43,"column":18}},"25":{"start":{"line":46,"column":0},"end":{"line":52,"column":2}}},"fnMap":{"0":{"name":"(anonymous_0)","decl":{"start":{"line":3,"column":26},"end":{"line":3,"column":27}},"loc":{"start":{"line":3,"column":46},"end":{"line":8,"column":1}},"line":3},"1":{"name":"(anonymous_1)","decl":{"start":{"line":10,"column":22},"end":{"line":10,"column":23}},"loc":{"start":{"line":10,"column":42},"end":{"line":15,"column":1}},"line":10},"2":{"name":"(anonymous_2)","decl":{"start":{"line":17,"column":22},"end":{"line":17,"column":23}},"loc":{"start":{"line":17,"column":42},"end":{"line":26,"column":1}},"line":17},"3":{"name":"(anonymous_3)","decl":{"start":{"line":28,"column":22},"end":{"line":28,"column":23}},"loc":{"start":{"line":28,"column":42},"end":{"line":37,"column":1}},"line":28},"4":{"name":"(anonymous_4)","decl":{"start":{"line":39,"column":24},"end":{"line":39,"column":25}},"loc":{"start":{"line":39,"column":44},"end":{"line":44,"column":1}},"line":39}},"branchMap":{"0":{"loc":{"start":{"line":21,"column":2},"end":{"line":23,"column":3}},"type":"if","locations":[{"start":{"line":21,"column":2},"end":{"line":23,"column":3}},{"start":{},"end":{}}],"line":21},"1":{"loc":{"start":{"line":32,"column":2},"end":{"line":34,"column":3}},"type":"if","locations":[{"start":{"line":32,"column":2},"end":{"line":34,"column":3}},{"start":{},"end":{}}],"line":32}},"s":{"0":2,"1":2,"2":1,"3":1,"4":1,"5":2,"6":1,"7":1,"8":1,"9":2,"10":1,"11":1,"12":1,"13":0,"14":1,"15":2,"16":1,"17":1,"18":1,"19":0,"20":1,"21":2,"22":1,"23":1,"24":1,"25":2},"f":{"0":1,"1":1,"2":1,"3":1,"4":1},"b":{"0":[0,1],"1":[0,1]},"_coverageSchema":"1a1c01bbd47fc00a2c39e90264f33305004495a9","hash":"62d55be91743dbbffb85a73d2761c1a8b65c837b"}
,"C:\\Users\\mocan\\family-travel-planner\\backend\\src\\controllers\\tripController.js": {"path":"C:\\Users\\mocan\\family-travel-planner\\backend\\src\\controllers\\tripController.js","statementMap":{"0":{"start":{"line":1,"column":20},"end":{"line":1,"column":54}},"1":{"start":{"line":2,"column":21},"end":{"line":2,"column":59}},"2":{"start":{"line":4,"column":17},"end":{"line":10,"column":1}},"3":{"start":{"line":5,"column":15},"end":{"line":5,"column":44}},"4":{"start":{"line":6,"column":19},"end":{"line":6,"column":53}},"5":{"start":{"line":8,"column":17},"end":{"line":8,"column":62}},"6":{"start":{"line":9,"column":2},"end":{"line":9,"column":19}},"7":{"start":{"line":12,"column":16},"end":{"line":21,"column":1}},"8":{"start":{"line":13,"column":13},"end":{"line":13,"column":36}},"9":{"start":{"line":14,"column":15},"end":{"line":14,"column":48}},"10":{"start":{"line":16,"column":2},"end":{"line":18,"column":3}},"11":{"start":{"line":17,"column":4},"end":{"line":17,"column":61}},"12":{"start":{"line":20,"column":2},"end":{"line":20,"column":17}},"13":{"start":{"line":23,"column":19},"end":{"line":32,"column":1}},"14":{"start":{"line":24,"column":17},"end":{"line":24,"column":39}},"15":{"start":{"line":26,"column":2},"end":{"line":28,"column":3}},"16":{"start":{"line":27,"column":4},"end":{"line":27,"column":44}},"17":{"start":{"line":30,"column":18},"end":{"line":30,"column":56}},"18":{"start":{"line":31,"column":2},"end":{"line":31,"column":32}},"19":{"start":{"line":34,"column":19},"end":{"line":49,"column":1}},"20":{"start":{"line":35,"column":13},"end":{"line":35,"column":36}},"21":{"start":{"line":37,"column":17},"end":{"line":37,"column":39}},"22":{"start":{"line":38,"column":2},"end":{"line":40,"column":3}},"23":{"start":{"line":39,"column":4},"end":{"line":39,"column":44}},"24":{"start":{"line":42,"column":18},"end":{"line":42,"column":60}},"25":{"start":{"line":44,"column":2},"end":{"line":46,"column":3}},"26":{"start":{"line":45,"column":4},"end":{"line":45,"column":61}},"27":{"start":{"line":48,"column":2},"end":{"line":48,"column":20}},"28":{"start":{"line":51,"column":19},"end":{"line":60,"column":1}},"29":{"start":{"line":52,"column":13},"end":{"line":52,"column":36}},"30":{"start":{"line":53,"column":18},"end":{"line":53,"column":50}},"31":{"start":{"line":55,"column":2},"end":{"line":57,"column":3}},"32":{"start":{"line":56,"column":4},"end":{"line":56,"column":61}},"33":{"start":{"line":59,"column":2},"end":{"line":59,"column":25}},"34":{"start":{"line":62,"column":21},"end":{"line":65,"column":1}},"35":{"start":{"line":63,"column":16},"end":{"line":63,"column":48}},"36":{"start":{"line":64,"column":2},"end":{"line":64,"column":18}},"37":{"start":{"line":67,"column":0},"end":{"line":74,"column":2}}},"fnMap":{"0":{"name":"(anonymous_0)","decl":{"start":{"line":4,"column":17},"end":{"line":4,"column":18}},"loc":{"start":{"line":4,"column":37},"end":{"line":10,"column":1}},"line":4},"1":{"name":"(anonymous_1)","decl":{"start":{"line":12,"column":16},"end":{"line":12,"column":17}},"loc":{"start":{"line":12,"column":36},"end":{"line":21,"column":1}},"line":12},"2":{"name":"(anonymous_2)","decl":{"start":{"line":23,"column":19},"end":{"line":23,"column":20}},"loc":{"start":{"line":23,"column":39},"end":{"line":32,"column":1}},"line":23},"3":{"name":"(anonymous_3)","decl":{"start":{"line":34,"column":19},"end":{"line":34,"column":20}},"loc":{"start":{"line":34,"column":39},"end":{"line":49,"column":1}},"line":34},"4":{"name":"(anonymous_4)","decl":{"start":{"line":51,"column":19},"end":{"line":51,"column":20}},"loc":{"start":{"line":51,"column":39},"end":{"line":60,"column":1}},"line":51},"5":{"name":"(anonymous_5)","decl":{"start":{"line":62,"column":21},"end":{"line":62,"column":22}},"loc":{"start":{"line":62,"column":41},"end":{"line":65,"column":1}},"line":62}},"branchMap":{"0":{"loc":{"start":{"line":5,"column":15},"end":{"line":5,"column":44}},"type":"binary-expr","locations":[{"start":{"line":5,"column":15},"end":{"line":5,"column":39}},{"start":{"line":5,"column":43},"end":{"line":5,"column":44}}],"line":5},"1":{"loc":{"start":{"line":6,"column":19},"end":{"line":6,"column":53}},"type":"binary-expr","locations":[{"start":{"line":6,"column":19},"end":{"line":6,"column":47}},{"start":{"line":6,"column":51},"end":{"line":6,"column":53}}],"line":6},"2":{"loc":{"start":{"line":16,"column":2},"end":{"line":18,"column":3}},"type":"if","locations":[{"start":{"line":16,"column":2},"end":{"line":18,"column":3}},{"start":{},"end":{}}],"line":16},"3":{"loc":{"start":{"line":26,"column":2},"end":{"line":28,"column":3}},"type":"if","locations":[{"start":{"line":26,"column":2},"end":{"line":28,"column":3}},{"start":{},"end":{}}],"line":26},"4":{"loc":{"start":{"line":38,"column":2},"end":{"line":40,"column":3}},"type":"if","locations":[{"start":{"line":38,"column":2},"end":{"line":40,"column":3}},{"start":{},"end":{}}],"line":38},"5":{"loc":{"start":{"line":44,"column":2},"end":{"line":46,"column":3}},"type":"if","locations":[{"start":{"line":44,"column":2},"end":{"line":46,"column":3}},{"start":{},"end":{}}],"line":44},"6":{"loc":{"start":{"line":55,"column":2},"end":{"line":57,"column":3}},"type":"if","locations":[{"start":{"line":55,"column":2},"end":{"line":57,"column":3}},{"start":{},"end":{}}],"line":55}},"s":{"0":2,"1":2,"2":2,"3":1,"4":1,"5":1,"6":1,"7":2,"8":2,"9":2,"10":2,"11":1,"12":1,"13":2,"14":2,"15":2,"16":1,"17":1,"18":1,"19":2,"20":1,"21":1,"22":1,"23":0,"24":1,"25":1,"26":0,"27":1,"28":2,"29":1,"30":1,"31":1,"32":0,"33":1,"34":2,"35":1,"36":1,"37":2},"f":{"0":1,"1":2,"2":2,"3":1,"4":1,"5":1},"b":{"0":[1,0],"1":[1,0],"2":[1,1],"3":[1,1],"4":[0,1],"5":[0,1],"6":[0,1]},"_coverageSchema":"1a1c01bbd47fc00a2c39e90264f33305004495a9","hash":"9aea1b3a4f5a805c887aaa6552049c17e40de3e8"}
,"C:\\Users\\mocan\\family-travel-planner\\backend\\src\\database\\db.js": {"path":"C:\\Users\\mocan\\family-travel-planner\\backend\\src\\database\\db.js","statementMap":{"0":{"start":{"line":1,"column":22},"end":{"line":1,"column":42}},"1":{"start":{"line":2,"column":13},"end":{"line":2,"column":28}},"2":{"start":{"line":4,"column":18},"end":{"line":8,"column":2}},"3":{"start":{"line":10,"column":0},"end":{"line":10,"column":27}}},"fnMap":{},"branchMap":{},"s":{"0":2,"1":2,"2":2,"3":2},"f":{},"b":{},"_coverageSchema":"1a1c01bbd47fc00a2c39e90264f33305004495a9","hash":"cfe93996ae3b543b0bf81fa115b767712c4b60bc"}
,"C:\\Users\\mocan\\family-travel-planner\\backend\\src\\models\\Expense.js": {"path":"C:\\Users\\mocan\\family-travel-planner\\backend\\src\\models\\Expense.js","statementMap":{"0":{"start":{"line":1,"column":22},"end":{"line":1,"column":42}},"1":{"start":{"line":2,"column":18},"end":{"line":2,"column":43}},"2":{"start":{"line":4,"column":16},"end":{"line":23,"column":2}},"3":{"start":{"line":25,"column":0},"end":{"line":25,"column":25}}},"fnMap":{},"branchMap":{},"s":{"0":2,"1":2,"2":2,"3":2},"f":{},"b":{},"_coverageSchema":"1a1c01bbd47fc00a2c39e90264f33305004495a9","hash":"42c039f1df75855002795cce3e99300feae87a32"}
,"C:\\Users\\mocan\\family-travel-planner\\backend\\src\\models\\Message.js": {"path":"C:\\Users\\mocan\\family-travel-planner\\backend\\src\\models\\Message.js","statementMap":{"0":{"start":{"line":1,"column":17},"end":{"line":1,"column":36}},"1":{"start":{"line":3,"column":22},"end":{"line":11,"column":2}},"2":{"start":{"line":13,"column":0},"end":{"line":13,"column":58}}},"fnMap":{},"branchMap":{},"s":{"0":2,"1":2,"2":2},"f":{},"b":{},"_coverageSchema":"1a1c01bbd47fc00a2c39e90264f33305004495a9","hash":"a61dcec2598a3fa9f42959d867dbe1b6be6500a4"}
,"C:\\Users\\mocan\\family-travel-planner\\backend\\src\\models\\Permission.js": {"path":"C:\\Users\\mocan\\family-travel-planner\\backend\\src\\models\\Permission.js","statementMap":{"0":{"start":{"line":1,"column":22},"end":{"line":1,"column":42}},"1":{"start":{"line":2,"column":18},"end":{"line":2,"column":43}},"2":{"start":{"line":4,"column":19},"end":{"line":12,"column":2}},"3":{"start":{"line":14,"column":0},"end":{"line":14,"column":28}}},"fnMap":{},"branchMap":{},"s":{"0":2,"1":2,"2":2,"3":2},"f":{},"b":{},"_coverageSchema":"1a1c01bbd47fc00a2c39e90264f33305004495a9","hash":"640ab75b73e5bc6328ef6ba459c308a4fa52892f"}
,"C:\\Users\\mocan\\family-travel-planner\\backend\\src\\models\\Role.js": {"path":"C:\\Users\\mocan\\family-travel-planner\\backend\\src\\models\\Role.js","statementMap":{"0":{"start":{"line":1,"column":22},"end":{"line":1,"column":42}},"1":{"start":{"line":2,"column":18},"end":{"line":2,"column":43}},"2":{"start":{"line":4,"column":13},"end":{"line":12,"column":2}},"3":{"start":{"line":14,"column":0},"end":{"line":14,"column":22}}},"fnMap":{},"branchMap":{},"s":{"0":2,"1":2,"2":2,"3":2},"f":{},"b":{},"_coverageSchema":"1a1c01bbd47fc00a2c39e90264f33305004495a9","hash":"4f3eb27097d07e0f528ec8be0dcd5bfad50b9ae7"}
,"C:\\Users\\mocan\\family-travel-planner\\backend\\src\\models\\RolePermission.js": {"path":"C:\\Users\\mocan\\family-travel-planner\\backend\\src\\models\\RolePermission.js","statementMap":{"0":{"start":{"line":1,"column":22},"end":{"line":1,"column":42}},"1":{"start":{"line":2,"column":18},"end":{"line":2,"column":43}},"2":{"start":{"line":4,"column":23},"end":{"line":15,"column":2}},"3":{"start":{"line":17,"column":0},"end":{"line":17,"column":32}}},"fnMap":{},"branchMap":{},"s":{"0":2,"1":2,"2":2,"3":2},"f":{},"b":{},"_coverageSchema":"1a1c01bbd47fc00a2c39e90264f33305004495a9","hash":"d5551590fd36a9660c80a5a433eddf339e766c05"}
,"C:\\Users\\mocan\\family-travel-planner\\backend\\src\\models\\Trip.js": {"path":"C:\\Users\\mocan\\family-travel-planner\\backend\\src\\models\\Trip.js","statementMap":{"0":{"start":{"line":1,"column":22},"end":{"line":1,"column":42}},"1":{"start":{"line":2,"column":18},"end":{"line":2,"column":43}},"2":{"start":{"line":4,"column":13},"end":{"line":24,"column":2}},"3":{"start":{"line":26,"column":0},"end":{"line":26,"column":22}}},"fnMap":{},"branchMap":{},"s":{"0":2,"1":2,"2":2,"3":2},"f":{},"b":{},"_coverageSchema":"1a1c01bbd47fc00a2c39e90264f33305004495a9","hash":"8669e8cfdbe02370377300af97f9b17939c71992"}
,"C:\\Users\\mocan\\family-travel-planner\\backend\\src\\models\\User.js": {"path":"C:\\Users\\mocan\\family-travel-planner\\backend\\src\\models\\User.js","statementMap":{"0":{"start":{"line":1,"column":22},"end":{"line":1,"column":42}},"1":{"start":{"line":2,"column":18},"end":{"line":2,"column":43}},"2":{"start":{"line":4,"column":13},"end":{"line":24,"column":2}},"3":{"start":{"line":26,"column":0},"end":{"line":26,"column":22}}},"fnMap":{},"branchMap":{},"s":{"0":2,"1":2,"2":2,"3":2},"f":{},"b":{},"_coverageSchema":"1a1c01bbd47fc00a2c39e90264f33305004495a9","hash":"0fd6ea28cb3c0bd8aace7c925aa80acab410e58b"}
,"C:\\Users\\mocan\\family-travel-planner\\backend\\src\\models\\index.js": {"path":"C:\\Users\\mocan\\family-travel-planner\\backend\\src\\models\\index.js","statementMap":{"0":{"start":{"line":1,"column":18},"end":{"line":1,"column":43}},"1":{"start":{"line":3,"column":13},"end":{"line":3,"column":30}},"2":{"start":{"line":4,"column":16},"end":{"line":4,"column":36}},"3":{"start":{"line":6,"column":13},"end":{"line":6,"column":30}},"4":{"start":{"line":7,"column":13},"end":{"line":7,"column":30}},"5":{"start":{"line":8,"column":19},"end":{"line":8,"column":42}},"6":{"start":{"line":9,"column":23},"end":{"line":9,"column":50}},"7":{"start":{"line":11,"column":0},"end":{"line":14,"column":3}},"8":{"start":{"line":16,"column":0},"end":{"line":18,"column":3}},"9":{"start":{"line":20,"column":0},"end":{"line":22,"column":3}},"10":{"start":{"line":24,"column":0},"end":{"line":26,"column":3}},"11":{"start":{"line":28,"column":0},"end":{"line":32,"column":3}},"12":{"start":{"line":34,"column":0},"end":{"line":38,"column":3}},"13":{"start":{"line":40,"column":0},"end":{"line":48,"column":2}}},"fnMap":{},"branchMap":{},"s":{"0":2,"1":2,"2":2,"3":2,"4":2,"5":2,"6":2,"7":2,"8":2,"9":2,"10":2,"11":2,"12":2,"13":2},"f":{},"b":{},"_coverageSchema":"1a1c01bbd47fc00a2c39e90264f33305004495a9","hash":"e08d3f708311fe623f179b6ffc3530e075efb733"}
,"C:\\Users\\mocan\\family-travel-planner\\backend\\src\\routes\\authRoutes.js": {"path":"C:\\Users\\mocan\\family-travel-planner\\backend\\src\\routes\\authRoutes.js","statementMap":{"0":{"start":{"line":1,"column":16},"end":{"line":1,"column":34}},"1":{"start":{"line":2,"column":15},"end":{"line":2,"column":31}},"2":{"start":{"line":3,"column":23},"end":{"line":3,"column":63}},"3":{"start":{"line":5,"column":0},"end":{"line":5,"column":44}},"4":{"start":{"line":6,"column":0},"end":{"line":6,"column":46}},"5":{"start":{"line":8,"column":0},"end":{"line":8,"column":24}}},"fnMap":{},"branchMap":{},"s":{"0":2,"1":2,"2":2,"3":2,"4":2,"5":2},"f":{},"b":{},"_coverageSchema":"1a1c01bbd47fc00a2c39e90264f33305004495a9","hash":"ec2dc1a4448a00252df62fe9ede67d03e5f4bee7"}
,"C:\\Users\\mocan\\family-travel-planner\\backend\\src\\routes\\chatRoutes.js": {"path":"C:\\Users\\mocan\\family-travel-planner\\backend\\src\\routes\\chatRoutes.js","statementMap":{"0":{"start":{"line":1,"column":16},"end":{"line":1,"column":34}},"1":{"start":{"line":2,"column":15},"end":{"line":2,"column":31}},"2":{"start":{"line":3,"column":19},"end":{"line":3,"column":59}},"3":{"start":{"line":5,"column":0},"end":{"line":5,"column":53}},"4":{"start":{"line":7,"column":0},"end":{"line":7,"column":24}}},"fnMap":{},"branchMap":{},"s":{"0":2,"1":2,"2":2,"3":2,"4":2},"f":{},"b":{},"_coverageSchema":"1a1c01bbd47fc00a2c39e90264f33305004495a9","hash":"40a9d09b410157bb2a0ecf082186ac1a73363384"}
,"C:\\Users\\mocan\\family-travel-planner\\backend\\src\\routes\\expenseRoutes.js": {"path":"C:\\Users\\mocan\\family-travel-planner\\backend\\src\\routes\\expenseRoutes.js","statementMap":{"0":{"start":{"line":1,"column":16},"end":{"line":1,"column":34}},"1":{"start":{"line":2,"column":15},"end":{"line":2,"column":31}},"2":{"start":{"line":3,"column":19},"end":{"line":3,"column":62}},"3":{"start":{"line":6,"column":0},"end":{"line":6,"column":68}},"4":{"start":{"line":9,"column":0},"end":{"line":9,"column":72}},"5":{"start":{"line":12,"column":0},"end":{"line":12,"column":65}},"6":{"start":{"line":15,"column":0},"end":{"line":15,"column":54}},"7":{"start":{"line":18,"column":0},"end":{"line":18,"column":57}},"8":{"start":{"line":20,"column":0},"end":{"line":20,"column":24}}},"fnMap":{},"branchMap":{},"s":{"0":2,"1":2,"2":2,"3":2,"4":2,"5":2,"6":2,"7":2,"8":2},"f":{},"b":{},"_coverageSchema":"1a1c01bbd47fc00a2c39e90264f33305004495a9","hash":"73b1585293e5a2fca8e5011845965ef8256d563c"}
,"C:\\Users\\mocan\\family-travel-planner\\backend\\src\\routes\\tripRoutes.js": {"path":"C:\\Users\\mocan\\family-travel-planner\\backend\\src\\routes\\tripRoutes.js","statementMap":{"0":{"start":{"line":1,"column":16},"end":{"line":1,"column":34}},"1":{"start":{"line":2,"column":15},"end":{"line":2,"column":31}},"2":{"start":{"line":3,"column":19},"end":{"line":3,"column":59}},"3":{"start":{"line":5,"column":0},"end":{"line":5,"column":37}},"4":{"start":{"line":6,"column":0},"end":{"line":6,"column":46}},"5":{"start":{"line":7,"column":0},"end":{"line":7,"column":39}},"6":{"start":{"line":8,"column":0},"end":{"line":8,"column":40}},"7":{"start":{"line":9,"column":0},"end":{"line":9,"column":42}},"8":{"start":{"line":10,"column":0},"end":{"line":10,"column":45}},"9":{"start":{"line":12,"column":0},"end":{"line":12,"column":24}}},"fnMap":{},"branchMap":{},"s":{"0":2,"1":2,"2":2,"3":2,"4":2,"5":2,"6":2,"7":2,"8":2,"9":2},"f":{},"b":{},"_coverageSchema":"1a1c01bbd47fc00a2c39e90264f33305004495a9","hash":"0a1012a8cb68953c5aad1dddfe3d36738465a8ce"}
,"C:\\Users\\mocan\\family-travel-planner\\backend\\src\\services\\authService.js": {"path":"C:\\Users\\mocan\\family-travel-planner\\backend\\src\\services\\authService.js","statementMap":{"0":{"start":{"line":1,"column":35},"end":{"line":1,"column":55}},"1":{"start":{"line":3,"column":14},"end":{"line":27,"column":1}},"2":{"start":{"line":4,"column":15},"end":{"line":10,"column":4}},"3":{"start":{"line":12,"column":2},"end":{"line":14,"column":3}},"4":{"start":{"line":13,"column":4},"end":{"line":13,"column":16}},"5":{"start":{"line":16,"column":2},"end":{"line":18,"column":3}},"6":{"start":{"line":17,"column":4},"end":{"line":17,"column":16}},"7":{"start":{"line":20,"column":2},"end":{"line":26,"column":4}},"8":{"start":{"line":25,"column":59},"end":{"line":25,"column":74}},"9":{"start":{"line":29,"column":15},"end":{"line":63,"column":1}},"10":{"start":{"line":30,"column":23},"end":{"line":32,"column":4}},"11":{"start":{"line":34,"column":2},"end":{"line":36,"column":3}},"12":{"start":{"line":35,"column":4},"end":{"line":35,"column":16}},"13":{"start":{"line":38,"column":19},"end":{"line":40,"column":4}},"14":{"start":{"line":42,"column":18},"end":{"line":47,"column":4}},"15":{"start":{"line":49,"column":22},"end":{"line":54,"column":4}},"16":{"start":{"line":56,"column":2},"end":{"line":62,"column":4}},"17":{"start":{"line":61,"column":66},"end":{"line":61,"column":81}},"18":{"start":{"line":65,"column":0},"end":{"line":68,"column":2}}},"fnMap":{"0":{"name":"(anonymous_0)","decl":{"start":{"line":3,"column":14},"end":{"line":3,"column":15}},"loc":{"start":{"line":3,"column":41},"end":{"line":27,"column":1}},"line":3},"1":{"name":"(anonymous_1)","decl":{"start":{"line":25,"column":43},"end":{"line":25,"column":44}},"loc":{"start":{"line":25,"column":59},"end":{"line":25,"column":74}},"line":25},"2":{"name":"(anonymous_2)","decl":{"start":{"line":29,"column":15},"end":{"line":29,"column":16}},"loc":{"start":{"line":29,"column":52},"end":{"line":63,"column":1}},"line":29},"3":{"name":"(anonymous_3)","decl":{"start":{"line":61,"column":50},"end":{"line":61,"column":51}},"loc":{"start":{"line":61,"column":66},"end":{"line":61,"column":81}},"line":61}},"branchMap":{"0":{"loc":{"start":{"line":12,"column":2},"end":{"line":14,"column":3}},"type":"if","locations":[{"start":{"line":12,"column":2},"end":{"line":14,"column":3}},{"start":{},"end":{}}],"line":12},"1":{"loc":{"start":{"line":16,"column":2},"end":{"line":18,"column":3}},"type":"if","locations":[{"start":{"line":16,"column":2},"end":{"line":18,"column":3}},{"start":{},"end":{}}],"line":16},"2":{"loc":{"start":{"line":34,"column":2},"end":{"line":36,"column":3}},"type":"if","locations":[{"start":{"line":34,"column":2},"end":{"line":36,"column":3}},{"start":{},"end":{}}],"line":34}},"s":{"0":2,"1":2,"2":0,"3":0,"4":0,"5":0,"6":0,"7":0,"8":0,"9":2,"10":0,"11":0,"12":0,"13":0,"14":0,"15":0,"16":0,"17":0,"18":2},"f":{"0":0,"1":0,"2":0,"3":0},"b":{"0":[0,0],"1":[0,0],"2":[0,0]},"_coverageSchema":"1a1c01bbd47fc00a2c39e90264f33305004495a9","hash":"f86c95412afaa4c697f5209bf53acd0786b3201c"}
,"C:\\Users\\mocan\\family-travel-planner\\backend\\src\\services\\chatService.js": {"path":"C:\\Users\\mocan\\family-travel-planner\\backend\\src\\services\\chatService.js","statementMap":{"0":{"start":{"line":1,"column":11},"end":{"line":1,"column":24}},"1":{"start":{"line":2,"column":13},"end":{"line":2,"column":28}},"2":{"start":{"line":3,"column":17},"end":{"line":3,"column":36}},"3":{"start":{"line":4,"column":16},"end":{"line":4,"column":44}},"4":{"start":{"line":6,"column":21},"end":{"line":6,"column":70}},"5":{"start":{"line":8,"column":25},"end":{"line":11,"column":1}},"6":{"start":{"line":9,"column":15},"end":{"line":9,"column":52}},"7":{"start":{"line":10,"column":2},"end":{"line":10,"column":34}},"8":{"start":{"line":13,"column":26},"end":{"line":15,"column":1}},"9":{"start":{"line":14,"column":2},"end":{"line":14,"column":68}},"10":{"start":{"line":17,"column":25},"end":{"line":17,"column":67}},"11":{"start":{"line":17,"column":31},"end":{"line":17,"column":67}},"12":{"start":{"line":19,"column":23},"end":{"line":25,"column":1}},"13":{"start":{"line":20,"column":2},"end":{"line":22,"column":3}},"14":{"start":{"line":21,"column":4},"end":{"line":21,"column":55}},"15":{"start":{"line":24,"column":2},"end":{"line":24,"column":28}},"16":{"start":{"line":27,"column":19},"end":{"line":52,"column":1}},"17":{"start":{"line":28,"column":2},"end":{"line":36,"column":3}},"18":{"start":{"line":29,"column":23},"end":{"line":33,"column":6}},"19":{"start":{"line":35,"column":4},"end":{"line":35,"column":35}},"20":{"start":{"line":38,"column":19},"end":{"line":38,"column":37}},"21":{"start":{"line":40,"column":21},"end":{"line":46,"column":3}},"22":{"start":{"line":48,"column":2},"end":{"line":48,"column":28}},"23":{"start":{"line":49,"column":2},"end":{"line":49,"column":30}},"24":{"start":{"line":51,"column":2},"end":{"line":51,"column":20}},"25":{"start":{"line":54,"column":0},"end":{"line":57,"column":2}}},"fnMap":{"0":{"name":"(anonymous_0)","decl":{"start":{"line":8,"column":25},"end":{"line":8,"column":26}},"loc":{"start":{"line":8,"column":31},"end":{"line":11,"column":1}},"line":8},"1":{"name":"(anonymous_1)","decl":{"start":{"line":13,"column":26},"end":{"line":13,"column":27}},"loc":{"start":{"line":13,"column":40},"end":{"line":15,"column":1}},"line":13},"2":{"name":"(anonymous_2)","decl":{"start":{"line":17,"column":25},"end":{"line":17,"column":26}},"loc":{"start":{"line":17,"column":31},"end":{"line":17,"column":67}},"line":17},"3":{"name":"(anonymous_3)","decl":{"start":{"line":19,"column":23},"end":{"line":19,"column":24}},"loc":{"start":{"line":19,"column":35},"end":{"line":25,"column":1}},"line":19},"4":{"name":"(anonymous_4)","decl":{"start":{"line":27,"column":19},"end":{"line":27,"column":20}},"loc":{"start":{"line":27,"column":34},"end":{"line":52,"column":1}},"line":27}},"branchMap":{"0":{"loc":{"start":{"line":10,"column":20},"end":{"line":10,"column":32}},"type":"binary-expr","locations":[{"start":{"line":10,"column":20},"end":{"line":10,"column":24}},{"start":{"line":10,"column":28},"end":{"line":10,"column":32}}],"line":10},"1":{"loc":{"start":{"line":20,"column":2},"end":{"line":22,"column":3}},"type":"if","locations":[{"start":{"line":20,"column":2},"end":{"line":22,"column":3}},{"start":{},"end":{}}],"line":20},"2":{"loc":{"start":{"line":28,"column":2},"end":{"line":36,"column":3}},"type":"if","locations":[{"start":{"line":28,"column":2},"end":{"line":36,"column":3}},{"start":{},"end":{}}],"line":28}},"s":{"0":2,"1":2,"2":2,"3":2,"4":2,"5":2,"6":0,"7":0,"8":2,"9":0,"10":2,"11":0,"12":2,"13":0,"14":0,"15":0,"16":2,"17":0,"18":0,"19":0,"20":0,"21":0,"22":0,"23":0,"24":0,"25":2},"f":{"0":0,"1":0,"2":0,"3":0,"4":0},"b":{"0":[0,0],"1":[0,0],"2":[0,0]},"_coverageSchema":"1a1c01bbd47fc00a2c39e90264f33305004495a9","hash":"9bb911b93c12a8388438675909d720121194d5da"}
,"C:\\Users\\mocan\\family-travel-planner\\backend\\src\\services\\expenseService.js": {"path":"C:\\Users\\mocan\\family-travel-planner\\backend\\src\\services\\expenseService.js","statementMap":{"0":{"start":{"line":1,"column":20},"end":{"line":1,"column":40}},"1":{"start":{"line":3,"column":28},"end":{"line":7,"column":1}},"2":{"start":{"line":4,"column":2},"end":{"line":6,"column":5}},"3":{"start":{"line":9,"column":23},"end":{"line":11,"column":1}},"4":{"start":{"line":10,"column":2},"end":{"line":10,"column":36}},"5":{"start":{"line":13,"column":22},"end":{"line":20,"column":1}},"6":{"start":{"line":14,"column":2},"end":{"line":19,"column":5}},"7":{"start":{"line":22,"column":22},"end":{"line":36,"column":1}},"8":{"start":{"line":23,"column":18},"end":{"line":23,"column":44}},"9":{"start":{"line":25,"column":2},"end":{"line":27,"column":3}},"10":{"start":{"line":26,"column":4},"end":{"line":26,"column":16}},"11":{"start":{"line":29,"column":2},"end":{"line":33,"column":5}},"12":{"start":{"line":35,"column":2},"end":{"line":35,"column":17}},"13":{"start":{"line":38,"column":22},"end":{"line":47,"column":1}},"14":{"start":{"line":39,"column":18},"end":{"line":39,"column":44}},"15":{"start":{"line":41,"column":2},"end":{"line":43,"column":3}},"16":{"start":{"line":42,"column":4},"end":{"line":42,"column":17}},"17":{"start":{"line":45,"column":2},"end":{"line":45,"column":26}},"18":{"start":{"line":46,"column":2},"end":{"line":46,"column":14}},"19":{"start":{"line":49,"column":31},"end":{"line":63,"column":1}},"20":{"start":{"line":50,"column":19},"end":{"line":52,"column":4}},"21":{"start":{"line":54,"column":24},"end":{"line":54,"column":39}},"22":{"start":{"line":55,"column":22},"end":{"line":55,"column":76}},"23":{"start":{"line":55,"column":50},"end":{"line":55,"column":72}},"24":{"start":{"line":56,"column":24},"end":{"line":56,"column":75}},"25":{"start":{"line":58,"column":2},"end":{"line":62,"column":4}},"26":{"start":{"line":65,"column":0},"end":{"line":72,"column":2}}},"fnMap":{"0":{"name":"(anonymous_0)","decl":{"start":{"line":3,"column":28},"end":{"line":3,"column":29}},"loc":{"start":{"line":3,"column":46},"end":{"line":7,"column":1}},"line":3},"1":{"name":"(anonymous_1)","decl":{"start":{"line":9,"column":23},"end":{"line":9,"column":24}},"loc":{"start":{"line":9,"column":37},"end":{"line":11,"column":1}},"line":9},"2":{"name":"(anonymous_2)","decl":{"start":{"line":13,"column":22},"end":{"line":13,"column":23}},"loc":{"start":{"line":13,"column":53},"end":{"line":20,"column":1}},"line":13},"3":{"name":"(anonymous_3)","decl":{"start":{"line":22,"column":22},"end":{"line":22,"column":23}},"loc":{"start":{"line":22,"column":49},"end":{"line":36,"column":1}},"line":22},"4":{"name":"(anonymous_4)","decl":{"start":{"line":38,"column":22},"end":{"line":38,"column":23}},"loc":{"start":{"line":38,"column":36},"end":{"line":47,"column":1}},"line":38},"5":{"name":"(anonymous_5)","decl":{"start":{"line":49,"column":31},"end":{"line":49,"column":32}},"loc":{"start":{"line":49,"column":49},"end":{"line":63,"column":1}},"line":49},"6":{"name":"(anonymous_6)","decl":{"start":{"line":55,"column":38},"end":{"line":55,"column":39}},"loc":{"start":{"line":55,"column":50},"end":{"line":55,"column":72}},"line":55}},"branchMap":{"0":{"loc":{"start":{"line":25,"column":2},"end":{"line":27,"column":3}},"type":"if","locations":[{"start":{"line":25,"column":2},"end":{"line":27,"column":3}},{"start":{},"end":{}}],"line":25},"1":{"loc":{"start":{"line":41,"column":2},"end":{"line":43,"column":3}},"type":"if","locations":[{"start":{"line":41,"column":2},"end":{"line":43,"column":3}},{"start":{},"end":{}}],"line":41},"2":{"loc":{"start":{"line":56,"column":24},"end":{"line":56,"column":75}},"type":"cond-expr","locations":[{"start":{"line":56,"column":44},"end":{"line":56,"column":71}},{"start":{"line":56,"column":74},"end":{"line":56,"column":75}}],"line":56}},"s":{"0":2,"1":2,"2":1,"3":2,"4":0,"5":2,"6":1,"7":2,"8":1,"9":1,"10":0,"11":1,"12":1,"13":2,"14":1,"15":1,"16":0,"17":1,"18":1,"19":2,"20":1,"21":1,"22":1,"23":2,"24":1,"25":1,"26":2},"f":{"0":1,"1":0,"2":1,"3":1,"4":1,"5":1,"6":2},"b":{"0":[0,1],"1":[0,1],"2":[1,0]},"_coverageSchema":"1a1c01bbd47fc00a2c39e90264f33305004495a9","hash":"ef7db1db4da14a2acb05d242d96e984451521fc2"}
,"C:\\Users\\mocan\\family-travel-planner\\backend\\src\\services\\tripService.js": {"path":"C:\\Users\\mocan\\family-travel-planner\\backend\\src\\services\\tripService.js","statementMap":{"0":{"start":{"line":1,"column":17},"end":{"line":1,"column":37}},"1":{"start":{"line":3,"column":20},"end":{"line":20,"column":1}},"2":{"start":{"line":4,"column":16},"end":{"line":4,"column":24}},"3":{"start":{"line":5,"column":17},"end":{"line":5,"column":38}},"4":{"start":{"line":7,"column":17},"end":{"line":11,"column":4}},"5":{"start":{"line":13,"column":2},"end":{"line":19,"column":4}},"6":{"start":{"line":22,"column":20},"end":{"line":24,"column":1}},"7":{"start":{"line":23,"column":2},"end":{"line":23,"column":33}},"8":{"start":{"line":26,"column":19},"end":{"line":33,"column":1}},"9":{"start":{"line":27,"column":2},"end":{"line":32,"column":5}},"10":{"start":{"line":35,"column":19},"end":{"line":50,"column":1}},"11":{"start":{"line":36,"column":15},"end":{"line":36,"column":38}},"12":{"start":{"line":38,"column":2},"end":{"line":40,"column":3}},"13":{"start":{"line":39,"column":4},"end":{"line":39,"column":16}},"14":{"start":{"line":42,"column":2},"end":{"line":47,"column":5}},"15":{"start":{"line":49,"column":2},"end":{"line":49,"column":14}},"16":{"start":{"line":52,"column":19},"end":{"line":61,"column":1}},"17":{"start":{"line":53,"column":15},"end":{"line":53,"column":38}},"18":{"start":{"line":55,"column":2},"end":{"line":57,"column":3}},"19":{"start":{"line":56,"column":4},"end":{"line":56,"column":17}},"20":{"start":{"line":59,"column":2},"end":{"line":59,"column":23}},"21":{"start":{"line":60,"column":2},"end":{"line":60,"column":14}},"22":{"start":{"line":63,"column":21},"end":{"line":75,"column":1}},"23":{"start":{"line":64,"column":16},"end":{"line":64,"column":36}},"24":{"start":{"line":66,"column":21},"end":{"line":66,"column":33}},"25":{"start":{"line":67,"column":21},"end":{"line":67,"column":77}},"26":{"start":{"line":67,"column":49},"end":{"line":67,"column":73}},"27":{"start":{"line":68,"column":23},"end":{"line":68,"column":67}},"28":{"start":{"line":70,"column":2},"end":{"line":74,"column":4}},"29":{"start":{"line":77,"column":0},"end":{"line":84,"column":2}}},"fnMap":{"0":{"name":"(anonymous_0)","decl":{"start":{"line":3,"column":20},"end":{"line":3,"column":21}},"loc":{"start":{"line":3,"column":55},"end":{"line":20,"column":1}},"line":3},"1":{"name":"(anonymous_1)","decl":{"start":{"line":22,"column":20},"end":{"line":22,"column":21}},"loc":{"start":{"line":22,"column":34},"end":{"line":24,"column":1}},"line":22},"2":{"name":"(anonymous_2)","decl":{"start":{"line":26,"column":19},"end":{"line":26,"column":20}},"loc":{"start":{"line":26,"column":35},"end":{"line":33,"column":1}},"line":26},"3":{"name":"(anonymous_3)","decl":{"start":{"line":35,"column":19},"end":{"line":35,"column":20}},"loc":{"start":{"line":35,"column":46},"end":{"line":50,"column":1}},"line":35},"4":{"name":"(anonymous_4)","decl":{"start":{"line":52,"column":19},"end":{"line":52,"column":20}},"loc":{"start":{"line":52,"column":33},"end":{"line":61,"column":1}},"line":52},"5":{"name":"(anonymous_5)","decl":{"start":{"line":63,"column":21},"end":{"line":63,"column":22}},"loc":{"start":{"line":63,"column":33},"end":{"line":75,"column":1}},"line":63},"6":{"name":"(anonymous_6)","decl":{"start":{"line":67,"column":34},"end":{"line":67,"column":35}},"loc":{"start":{"line":67,"column":49},"end":{"line":67,"column":73}},"line":67}},"branchMap":{"0":{"loc":{"start":{"line":3,"column":27},"end":{"line":3,"column":35}},"type":"default-arg","locations":[{"start":{"line":3,"column":34},"end":{"line":3,"column":35}}],"line":3},"1":{"loc":{"start":{"line":3,"column":37},"end":{"line":3,"column":50}},"type":"default-arg","locations":[{"start":{"line":3,"column":48},"end":{"line":3,"column":50}}],"line":3},"2":{"loc":{"start":{"line":38,"column":2},"end":{"line":40,"column":3}},"type":"if","locations":[{"start":{"line":38,"column":2},"end":{"line":40,"column":3}},{"start":{},"end":{}}],"line":38},"3":{"loc":{"start":{"line":55,"column":2},"end":{"line":57,"column":3}},"type":"if","locations":[{"start":{"line":55,"column":2},"end":{"line":57,"column":3}},{"start":{},"end":{}}],"line":55},"4":{"loc":{"start":{"line":68,"column":23},"end":{"line":68,"column":67}},"type":"cond-expr","locations":[{"start":{"line":68,"column":40},"end":{"line":68,"column":63}},{"start":{"line":68,"column":66},"end":{"line":68,"column":67}}],"line":68}},"s":{"0":2,"1":2,"2":1,"3":1,"4":1,"5":1,"6":2,"7":2,"8":2,"9":1,"10":2,"11":1,"12":1,"13":0,"14":1,"15":1,"16":2,"17":1,"18":1,"19":0,"20":1,"21":1,"22":2,"23":1,"24":1,"25":1,"26":2,"27":1,"28":1,"29":2},"f":{"0":1,"1":2,"2":1,"3":1,"4":1,"5":1,"6":2},"b":{"0":[0],"1":[0],"2":[0,1],"3":[0,1],"4":[1,0]},"_coverageSchema":"1a1c01bbd47fc00a2c39e90264f33305004495a9","hash":"45d82b4cf3b634f4743e494c69c979c398cd5d10"}
,"C:\\Users\\mocan\\family-travel-planner\\backend\\src\\validators\\tripValidator.js": {"path":"C:\\Users\\mocan\\family-travel-planner\\backend\\src\\validators\\tripValidator.js","statementMap":{"0":{"start":{"line":1,"column":21},"end":{"line":30,"column":1}},"1":{"start":{"line":2,"column":17},"end":{"line":2,"column":19}},"2":{"start":{"line":4,"column":2},"end":{"line":6,"column":3}},"3":{"start":{"line":5,"column":4},"end":{"line":5,"column":43}},"4":{"start":{"line":8,"column":2},"end":{"line":10,"column":3}},"5":{"start":{"line":9,"column":4},"end":{"line":9,"column":42}},"6":{"start":{"line":12,"column":2},"end":{"line":14,"column":3}},"7":{"start":{"line":13,"column":4},"end":{"line":13,"column":40}},"8":{"start":{"line":16,"column":2},"end":{"line":23,"column":3}},"9":{"start":{"line":17,"column":18},"end":{"line":17,"column":42}},"10":{"start":{"line":18,"column":16},"end":{"line":18,"column":38}},"11":{"start":{"line":20,"column":4},"end":{"line":22,"column":5}},"12":{"start":{"line":21,"column":6},"end":{"line":21,"column":55}},"13":{"start":{"line":25,"column":2},"end":{"line":27,"column":3}},"14":{"start":{"line":26,"column":4},"end":{"line":26,"column":44}},"15":{"start":{"line":29,"column":2},"end":{"line":29,"column":16}},"16":{"start":{"line":32,"column":0},"end":{"line":32,"column":30}}},"fnMap":{"0":{"name":"(anonymous_0)","decl":{"start":{"line":1,"column":21},"end":{"line":1,"column":22}},"loc":{"start":{"line":1,"column":31},"end":{"line":30,"column":1}},"line":1}},"branchMap":{"0":{"loc":{"start":{"line":4,"column":2},"end":{"line":6,"column":3}},"type":"if","locations":[{"start":{"line":4,"column":2},"end":{"line":6,"column":3}},{"start":{},"end":{}}],"line":4},"1":{"loc":{"start":{"line":4,"column":6},"end":{"line":4,"column":57}},"type":"binary-expr","locations":[{"start":{"line":4,"column":6},"end":{"line":4,"column":23}},{"start":{"line":4,"column":27},"end":{"line":4,"column":57}}],"line":4},"2":{"loc":{"start":{"line":8,"column":2},"end":{"line":10,"column":3}},"type":"if","locations":[{"start":{"line":8,"column":2},"end":{"line":10,"column":3}},{"start":{},"end":{}}],"line":8},"3":{"loc":{"start":{"line":12,"column":2},"end":{"line":14,"column":3}},"type":"if","locations":[{"start":{"line":12,"column":2},"end":{"line":14,"column":3}},{"start":{},"end":{}}],"line":12},"4":{"loc":{"start":{"line":16,"column":2},"end":{"line":23,"column":3}},"type":"if","locations":[{"start":{"line":16,"column":2},"end":{"line":23,"column":3}},{"start":{},"end":{}}],"line":16},"5":{"loc":{"start":{"line":16,"column":6},"end":{"line":16,"column":36}},"type":"binary-expr","locations":[{"start":{"line":16,"column":6},"end":{"line":16,"column":20}},{"start":{"line":16,"column":24},"end":{"line":16,"column":36}}],"line":16},"6":{"loc":{"start":{"line":20,"column":4},"end":{"line":22,"column":5}},"type":"if","locations":[{"start":{"line":20,"column":4},"end":{"line":22,"column":5}},{"start":{},"end":{}}],"line":20},"7":{"loc":{"start":{"line":25,"column":2},"end":{"line":27,"column":3}},"type":"if","locations":[{"start":{"line":25,"column":2},"end":{"line":27,"column":3}},{"start":{},"end":{}}],"line":25},"8":{"loc":{"start":{"line":25,"column":6},"end":{"line":25,"column":48}},"type":"binary-expr","locations":[{"start":{"line":25,"column":6},"end":{"line":25,"column":30}},{"start":{"line":25,"column":34},"end":{"line":25,"column":48}}],"line":25}},"s":{"0":2,"1":3,"2":3,"3":1,"4":3,"5":0,"6":3,"7":0,"8":3,"9":3,"10":3,"11":3,"12":1,"13":3,"14":1,"15":3,"16":2},"f":{"0":3},"b":{"0":[1,2],"1":[3,2],"2":[0,3],"3":[0,3],"4":[3,0],"5":[3,3],"6":[1,2],"7":[1,2],"8":[3,3]},"_coverageSchema":"1a1c01bbd47fc00a2c39e90264f33305004495a9","hash":"7962bee0d2d2b141c11462020fdf3538246ab9ca"}
}
