TN:
SF:src\app.js
FN:17,(anonymous_0)
FNF:1
FNH:0
FNDA:0,(anonymous_0)
DA:1,2
DA:2,2
DA:4,2
DA:5,2
DA:6,2
DA:7,2
DA:9,2
DA:11,2
DA:12,2
DA:14,2
DA:15,2
DA:16,2
DA:17,2
DA:18,0
DA:21,2
DA:23,2
DA:24,0
DA:25,0
DA:28,2
LF:19
LH:16
BRDA:23,0,0,0
BRDA:23,0,1,2
BRF:2
BRH:1
end_of_record
TN:
SF:src\controllers\authController.js
FN:3,(anonymous_0)
FN:23,(anonymous_1)
FNF:2
FNH:0
FNDA:0,(anonymous_0)
FNDA:0,(anonymous_1)
DA:1,2
DA:3,2
DA:4,0
DA:6,0
DA:7,0
DA:12,0
DA:14,0
DA:15,0
DA:20,0
DA:23,2
DA:24,0
DA:26,0
DA:27,0
DA:32,0
DA:34,0
DA:35,0
DA:40,0
DA:43,2
LF:18
LH:4
BRDA:6,0,0,0
BRDA:6,0,1,0
BRDA:6,1,0,0
BRDA:6,1,1,0
BRDA:14,2,0,0
BRDA:14,2,1,0
BRDA:26,3,0,0
BRDA:26,3,1,0
BRDA:26,4,0,0
BRDA:26,4,1,0
BRDA:26,4,2,0
BRDA:34,5,0,0
BRDA:34,5,1,0
BRF:13
BRH:0
end_of_record
TN:
SF:src\controllers\chatController.js
FN:3,(anonymous_0)
FNF:1
FNH:0
FNDA:0,(anonymous_0)
DA:1,2
DA:3,2
DA:4,0
DA:5,0
LF:4
LH:2
BRF:0
BRH:0
end_of_record
TN:
SF:src\controllers\expenseController.js
FN:3,(anonymous_0)
FN:10,(anonymous_1)
FN:17,(anonymous_2)
FN:28,(anonymous_3)
FN:39,(anonymous_4)
FNF:5
FNH:5
FNDA:1,(anonymous_0)
FNDA:1,(anonymous_1)
FNDA:1,(anonymous_2)
FNDA:1,(anonymous_3)
FNDA:1,(anonymous_4)
DA:1,2
DA:3,2
DA:4,1
DA:5,1
DA:7,1
DA:10,2
DA:11,1
DA:13,1
DA:14,1
DA:17,2
DA:18,1
DA:19,1
DA:21,1
DA:22,0
DA:25,1
DA:28,2
DA:29,1
DA:30,1
DA:32,1
DA:33,0
DA:36,1
DA:39,2
DA:40,1
DA:41,1
DA:43,1
DA:46,2
LF:26
LH:24
BRDA:21,0,0,0
BRDA:21,0,1,1
BRDA:32,1,0,0
BRDA:32,1,1,1
BRF:4
BRH:2
end_of_record
TN:
SF:src\controllers\tripController.js
FN:4,(anonymous_0)
FN:12,(anonymous_1)
FN:23,(anonymous_2)
FN:34,(anonymous_3)
FN:51,(anonymous_4)
FN:62,(anonymous_5)
FNF:6
FNH:6
FNDA:1,(anonymous_0)
FNDA:2,(anonymous_1)
FNDA:2,(anonymous_2)
FNDA:1,(anonymous_3)
FNDA:1,(anonymous_4)
FNDA:1,(anonymous_5)
DA:1,2
DA:2,2
DA:4,2
DA:5,1
DA:6,1
DA:8,1
DA:9,1
DA:12,2
DA:13,2
DA:14,2
DA:16,2
DA:17,1
DA:20,1
DA:23,2
DA:24,2
DA:26,2
DA:27,1
DA:30,1
DA:31,1
DA:34,2
DA:35,1
DA:37,1
DA:38,1
DA:39,0
DA:42,1
DA:44,1
DA:45,0
DA:48,1
DA:51,2
DA:52,1
DA:53,1
DA:55,1
DA:56,0
DA:59,1
DA:62,2
DA:63,1
DA:64,1
DA:67,2
LF:38
LH:35
BRDA:5,0,0,1
BRDA:5,0,1,0
BRDA:6,1,0,1
BRDA:6,1,1,0
BRDA:16,2,0,1
BRDA:16,2,1,1
BRDA:26,3,0,1
BRDA:26,3,1,1
BRDA:38,4,0,0
BRDA:38,4,1,1
BRDA:44,5,0,0
BRDA:44,5,1,1
BRDA:55,6,0,0
BRDA:55,6,1,1
BRF:14
BRH:9
end_of_record
TN:
SF:src\database\db.js
FNF:0
FNH:0
DA:1,2
DA:2,2
DA:4,2
DA:10,2
LF:4
LH:4
BRF:0
BRH:0
end_of_record
TN:
SF:src\models\Expense.js
FNF:0
FNH:0
DA:1,2
DA:2,2
DA:4,2
DA:25,2
LF:4
LH:4
BRF:0
BRH:0
end_of_record
TN:
SF:src\models\Message.js
FNF:0
FNH:0
DA:1,2
DA:3,2
DA:13,2
LF:3
LH:3
BRF:0
BRH:0
end_of_record
TN:
SF:src\models\Permission.js
FNF:0
FNH:0
DA:1,2
DA:2,2
DA:4,2
DA:14,2
LF:4
LH:4
BRF:0
BRH:0
end_of_record
TN:
SF:src\models\Role.js
FNF:0
FNH:0
DA:1,2
DA:2,2
DA:4,2
DA:14,2
LF:4
LH:4
BRF:0
BRH:0
end_of_record
TN:
SF:src\models\RolePermission.js
FNF:0
FNH:0
DA:1,2
DA:2,2
DA:4,2
DA:17,2
LF:4
LH:4
BRF:0
BRH:0
end_of_record
TN:
SF:src\models\Trip.js
FNF:0
FNH:0
DA:1,2
DA:2,2
DA:4,2
DA:26,2
LF:4
LH:4
BRF:0
BRH:0
end_of_record
TN:
SF:src\models\User.js
FNF:0
FNH:0
DA:1,2
DA:2,2
DA:4,2
DA:26,2
LF:4
LH:4
BRF:0
BRH:0
end_of_record
TN:
SF:src\models\index.js
FNF:0
FNH:0
DA:1,2
DA:3,2
DA:4,2
DA:6,2
DA:7,2
DA:8,2
DA:9,2
DA:11,2
DA:16,2
DA:20,2
DA:24,2
DA:28,2
DA:34,2
DA:40,2
LF:14
LH:14
BRF:0
BRH:0
end_of_record
TN:
SF:src\routes\authRoutes.js
FNF:0
FNH:0
DA:1,2
DA:2,2
DA:3,2
DA:5,2
DA:6,2
DA:8,2
LF:6
LH:6
BRF:0
BRH:0
end_of_record
TN:
SF:src\routes\chatRoutes.js
FNF:0
FNH:0
DA:1,2
DA:2,2
DA:3,2
DA:5,2
DA:7,2
LF:5
LH:5
BRF:0
BRH:0
end_of_record
TN:
SF:src\routes\expenseRoutes.js
FNF:0
FNH:0
DA:1,2
DA:2,2
DA:3,2
DA:6,2
DA:9,2
DA:12,2
DA:15,2
DA:18,2
DA:20,2
LF:9
LH:9
BRF:0
BRH:0
end_of_record
TN:
SF:src\routes\tripRoutes.js
FNF:0
FNH:0
DA:1,2
DA:2,2
DA:3,2
DA:5,2
DA:6,2
DA:7,2
DA:8,2
DA:9,2
DA:10,2
DA:12,2
LF:10
LH:10
BRF:0
BRH:0
end_of_record
TN:
SF:src\services\authService.js
FN:3,(anonymous_0)
FN:25,(anonymous_1)
FN:29,(anonymous_2)
FN:61,(anonymous_3)
FNF:4
FNH:0
FNDA:0,(anonymous_0)
FNDA:0,(anonymous_1)
FNDA:0,(anonymous_2)
FNDA:0,(anonymous_3)
DA:1,2
DA:3,2
DA:4,0
DA:12,0
DA:13,0
DA:16,0
DA:17,0
DA:20,0
DA:25,0
DA:29,2
DA:30,0
DA:34,0
DA:35,0
DA:38,0
DA:42,0
DA:49,0
DA:56,0
DA:61,0
DA:65,2
LF:19
LH:4
BRDA:12,0,0,0
BRDA:12,0,1,0
BRDA:16,1,0,0
BRDA:16,1,1,0
BRDA:34,2,0,0
BRDA:34,2,1,0
BRF:6
BRH:0
end_of_record
TN:
SF:src\services\chatService.js
FN:8,(anonymous_0)
FN:13,(anonymous_1)
FN:17,(anonymous_2)
FN:19,(anonymous_3)
FN:27,(anonymous_4)
FNF:5
FNH:0
FNDA:0,(anonymous_0)
FNDA:0,(anonymous_1)
FNDA:0,(anonymous_2)
FNDA:0,(anonymous_3)
FNDA:0,(anonymous_4)
DA:1,2
DA:2,2
DA:3,2
DA:4,2
DA:6,2
DA:8,2
DA:9,0
DA:10,0
DA:13,2
DA:14,0
DA:17,2
DA:19,2
DA:20,0
DA:21,0
DA:24,0
DA:27,2
DA:28,0
DA:29,0
DA:35,0
DA:38,0
DA:40,0
DA:48,0
DA:49,0
DA:51,0
DA:54,2
LF:25
LH:11
BRDA:10,0,0,0
BRDA:10,0,1,0
BRDA:20,1,0,0
BRDA:20,1,1,0
BRDA:28,2,0,0
BRDA:28,2,1,0
BRF:6
BRH:0
end_of_record
TN:
SF:src\services\expenseService.js
FN:3,(anonymous_0)
FN:9,(anonymous_1)
FN:13,(anonymous_2)
FN:22,(anonymous_3)
FN:38,(anonymous_4)
FN:49,(anonymous_5)
FN:55,(anonymous_6)
FNF:7
FNH:6
FNDA:1,(anonymous_0)
FNDA:0,(anonymous_1)
FNDA:1,(anonymous_2)
FNDA:1,(anonymous_3)
FNDA:1,(anonymous_4)
FNDA:1,(anonymous_5)
FNDA:2,(anonymous_6)
DA:1,2
DA:3,2
DA:4,1
DA:9,2
DA:10,0
DA:13,2
DA:14,1
DA:22,2
DA:23,1
DA:25,1
DA:26,0
DA:29,1
DA:35,1
DA:38,2
DA:39,1
DA:41,1
DA:42,0
DA:45,1
DA:46,1
DA:49,2
DA:50,1
DA:54,1
DA:55,2
DA:56,1
DA:58,1
DA:65,2
LF:26
LH:23
BRDA:25,0,0,0
BRDA:25,0,1,1
BRDA:41,1,0,0
BRDA:41,1,1,1
BRDA:56,2,0,1
BRDA:56,2,1,0
BRF:6
BRH:3
end_of_record
TN:
SF:src\services\tripService.js
FN:3,(anonymous_0)
FN:22,(anonymous_1)
FN:26,(anonymous_2)
FN:35,(anonymous_3)
FN:52,(anonymous_4)
FN:63,(anonymous_5)
FN:67,(anonymous_6)
FNF:7
FNH:7
FNDA:1,(anonymous_0)
FNDA:2,(anonymous_1)
FNDA:1,(anonymous_2)
FNDA:1,(anonymous_3)
FNDA:1,(anonymous_4)
FNDA:1,(anonymous_5)
FNDA:2,(anonymous_6)
DA:1,2
DA:3,2
DA:4,1
DA:5,1
DA:7,1
DA:13,1
DA:22,2
DA:23,2
DA:26,2
DA:27,1
DA:35,2
DA:36,1
DA:38,1
DA:39,0
DA:42,1
DA:49,1
DA:52,2
DA:53,1
DA:55,1
DA:56,0
DA:59,1
DA:60,1
DA:63,2
DA:64,1
DA:66,1
DA:67,2
DA:68,1
DA:70,1
DA:77,2
LF:29
LH:27
BRDA:3,0,0,0
BRDA:3,1,0,0
BRDA:38,2,0,0
BRDA:38,2,1,1
BRDA:55,3,0,0
BRDA:55,3,1,1
BRDA:68,4,0,1
BRDA:68,4,1,0
BRF:8
BRH:3
end_of_record
TN:
SF:src\validators\tripValidator.js
FN:1,(anonymous_0)
FNF:1
FNH:1
FNDA:3,(anonymous_0)
DA:1,2
DA:2,3
DA:4,3
DA:5,1
DA:8,3
DA:9,0
DA:12,3
DA:13,0
DA:16,3
DA:17,3
DA:18,3
DA:20,3
DA:21,1
DA:25,3
DA:26,1
DA:29,3
DA:32,2
LF:17
LH:15
BRDA:4,0,0,1
BRDA:4,0,1,2
BRDA:4,1,0,3
BRDA:4,1,1,2
BRDA:8,2,0,0
BRDA:8,2,1,3
BRDA:12,3,0,0
BRDA:12,3,1,3
BRDA:16,4,0,3
BRDA:16,4,1,0
BRDA:16,5,0,3
BRDA:16,5,1,3
BRDA:20,6,0,1
BRDA:20,6,1,2
BRDA:25,7,0,1
BRDA:25,7,1,2
BRDA:25,8,0,3
BRDA:25,8,1,3
BRF:18
BRH:15
end_of_record
